/home/deeptouch/workspace/lixun/install/deeptouch_vr/lib/python3.10/site-packages/deeptouch_vr/tele_opt_device_publish.py
/home/deeptouch/workspace/lixun/install/deeptouch_vr/lib/python3.10/site-packages/deeptouch_vr/tele_opt_record_data.py
/home/deeptouch/workspace/lixun/install/deeptouch_vr/lib/python3.10/site-packages/deeptouch_vr/tele_opt_cmd_publish.py
/home/deeptouch/workspace/lixun/install/deeptouch_vr/lib/python3.10/site-packages/deeptouch_vr/__init__.py
/home/deeptouch/workspace/lixun/install/deeptouch_vr/lib/python3.10/site-packages/deeptouch_vr/utils/filter.py
/home/deeptouch/workspace/lixun/install/deeptouch_vr/lib/python3.10/site-packages/deeptouch_vr/utils/__init__.py
/home/deeptouch/workspace/lixun/install/deeptouch_vr/lib/python3.10/site-packages/deeptouch_vr/record/robot_controller.py
/home/deeptouch/workspace/lixun/install/deeptouch_vr/lib/python3.10/site-packages/deeptouch_vr/record/camera_manager.py
/home/deeptouch/workspace/lixun/install/deeptouch_vr/lib/python3.10/site-packages/deeptouch_vr/record/test.py
/home/deeptouch/workspace/lixun/install/deeptouch_vr/lib/python3.10/site-packages/deeptouch_vr/record/teleopt_subscriber.py
/home/deeptouch/workspace/lixun/install/deeptouch_vr/lib/python3.10/site-packages/deeptouch_vr/record/lerobot_formatter.py
/home/deeptouch/workspace/lixun/install/deeptouch_vr/lib/python3.10/site-packages/deeptouch_vr/record/simple_fix(fix_framejumpping).py
/home/deeptouch/workspace/lixun/install/deeptouch_vr/lib/python3.10/site-packages/deeptouch_vr/record/__init__.py
/home/deeptouch/workspace/lixun/install/deeptouch_vr/lib/python3.10/site-packages/deeptouch_vr/record/simple_fix(fix_framejumping).py
/home/deeptouch/workspace/lixun/install/deeptouch_vr/lib/python3.10/site-packages/deeptouch_vr/record/text_xense.py
/home/deeptouch/workspace/lixun/install/deeptouch_vr/lib/python3.10/site-packages/deeptouch_vr/record/data_validator.py
/home/deeptouch/workspace/lixun/install/deeptouch_vr/lib/python3.10/site-packages/deeptouch_vr/record/data_record.py
/home/deeptouch/workspace/lixun/install/deeptouch_vr/lib/python3.10/site-packages/deeptouch_vr/__pycache__/tele_opt_device_publish.cpython-310.pyc
/home/deeptouch/workspace/lixun/install/deeptouch_vr/lib/python3.10/site-packages/deeptouch_vr/__pycache__/tele_opt_record_data.cpython-310.pyc
/home/deeptouch/workspace/lixun/install/deeptouch_vr/lib/python3.10/site-packages/deeptouch_vr/__pycache__/tele_opt_cmd_publish.cpython-310.pyc
/home/deeptouch/workspace/lixun/install/deeptouch_vr/lib/python3.10/site-packages/deeptouch_vr/__pycache__/__init__.cpython-310.pyc
/home/deeptouch/workspace/lixun/install/deeptouch_vr/lib/python3.10/site-packages/deeptouch_vr/utils/__pycache__/filter.cpython-310.pyc
/home/deeptouch/workspace/lixun/install/deeptouch_vr/lib/python3.10/site-packages/deeptouch_vr/utils/__pycache__/__init__.cpython-310.pyc
/home/deeptouch/workspace/lixun/install/deeptouch_vr/lib/python3.10/site-packages/deeptouch_vr/record/__pycache__/robot_controller.cpython-310.pyc
/home/deeptouch/workspace/lixun/install/deeptouch_vr/lib/python3.10/site-packages/deeptouch_vr/record/__pycache__/camera_manager.cpython-310.pyc
/home/deeptouch/workspace/lixun/install/deeptouch_vr/lib/python3.10/site-packages/deeptouch_vr/record/__pycache__/test.cpython-310.pyc
/home/deeptouch/workspace/lixun/install/deeptouch_vr/lib/python3.10/site-packages/deeptouch_vr/record/__pycache__/teleopt_subscriber.cpython-310.pyc
/home/deeptouch/workspace/lixun/install/deeptouch_vr/lib/python3.10/site-packages/deeptouch_vr/record/__pycache__/lerobot_formatter.cpython-310.pyc
/home/deeptouch/workspace/lixun/install/deeptouch_vr/lib/python3.10/site-packages/deeptouch_vr/record/__pycache__/simple_fix(fix_framejumpping).cpython-310.pyc
/home/deeptouch/workspace/lixun/install/deeptouch_vr/lib/python3.10/site-packages/deeptouch_vr/record/__pycache__/__init__.cpython-310.pyc
/home/deeptouch/workspace/lixun/install/deeptouch_vr/lib/python3.10/site-packages/deeptouch_vr/record/__pycache__/simple_fix(fix_framejumping).cpython-310.pyc
/home/deeptouch/workspace/lixun/install/deeptouch_vr/lib/python3.10/site-packages/deeptouch_vr/record/__pycache__/text_xense.cpython-310.pyc
/home/deeptouch/workspace/lixun/install/deeptouch_vr/lib/python3.10/site-packages/deeptouch_vr/record/__pycache__/data_validator.cpython-310.pyc
/home/deeptouch/workspace/lixun/install/deeptouch_vr/lib/python3.10/site-packages/deeptouch_vr/record/__pycache__/data_record.cpython-310.pyc
/home/deeptouch/workspace/lixun/install/deeptouch_vr/share/ament_index/resource_index/packages/deeptouch_vr
/home/deeptouch/workspace/lixun/install/deeptouch_vr/share/deeptouch_vr/package.xml
/home/deeptouch/workspace/lixun/install/deeptouch_vr/share/deeptouch_vr/launch/tele_opt_bringup.launch.py
/home/deeptouch/workspace/lixun/install/deeptouch_vr/share/deeptouch_vr/launch/tele_opt_data_capture.launch.py
/home/deeptouch/workspace/lixun/install/deeptouch_vr/lib/python3.10/site-packages/deeptouch_vr-0.0.1-py3.10.egg-info/entry_points.txt
/home/deeptouch/workspace/lixun/install/deeptouch_vr/lib/python3.10/site-packages/deeptouch_vr-0.0.1-py3.10.egg-info/PKG-INFO
/home/deeptouch/workspace/lixun/install/deeptouch_vr/lib/python3.10/site-packages/deeptouch_vr-0.0.1-py3.10.egg-info/top_level.txt
/home/deeptouch/workspace/lixun/install/deeptouch_vr/lib/python3.10/site-packages/deeptouch_vr-0.0.1-py3.10.egg-info/SOURCES.txt
/home/deeptouch/workspace/lixun/install/deeptouch_vr/lib/python3.10/site-packages/deeptouch_vr-0.0.1-py3.10.egg-info/zip-safe
/home/deeptouch/workspace/lixun/install/deeptouch_vr/lib/python3.10/site-packages/deeptouch_vr-0.0.1-py3.10.egg-info/requires.txt
/home/deeptouch/workspace/lixun/install/deeptouch_vr/lib/python3.10/site-packages/deeptouch_vr-0.0.1-py3.10.egg-info/dependency_links.txt
/home/deeptouch/workspace/lixun/install/deeptouch_vr/bin/tele_opt_cmd
/home/deeptouch/workspace/lixun/install/deeptouch_vr/bin/tele_opt_device
/home/deeptouch/workspace/lixun/install/deeptouch_vr/bin/tele_opt_record
