[0.008s] Invoking command in '/home/deeptouch/workspace/lixun/build/deeptouch_interface': CMAKE_PREFIX_PATH=${CMAKE_PREFIX_PATH}:/home/deeptouch/deeptouch/install/mnet_client:/opt/ros/humble /usr/bin/cmake --build /home/deeptouch/workspace/lixun/build/deeptouch_interface -- -j11 -l11
[0.039s] [35m[1mConsolidate compiler generated dependencies of target deeptouch_interface__rosidl_generator_c[0m
[0.047s] [  2%] Built target deeptouch_interface__cpp
[0.049s] [ 12%] Built target deeptouch_interface__rosidl_generator_c
[0.052s] [ 12%] Built target ament_cmake_python_copy_deeptouch_interface
[0.056s] [35m[1mConsolidate compiler generated dependencies of target deeptouch_interface__rosidl_typesupport_cpp[0m
[0.056s] [35m[1mConsolidate compiler generated dependencies of target deeptouch_interface__rosidl_typesupport_fastrtps_cpp[0m
[0.056s] [35m[1mConsolidate compiler generated dependencies of target deeptouch_interface__rosidl_typesupport_introspection_c[0m
[0.057s] [35m[1mConsolidate compiler generated dependencies of target deeptouch_interface__rosidl_typesupport_c[0m
[0.058s] [35m[1mConsolidate compiler generated dependencies of target deeptouch_interface__rosidl_typesupport_fastrtps_c[0m
[0.059s] [35m[1mConsolidate compiler generated dependencies of target deeptouch_interface__rosidl_typesupport_introspection_cpp[0m
[0.067s] [ 23%] Built target deeptouch_interface__rosidl_typesupport_introspection_c
[0.073s] [ 34%] Built target deeptouch_interface__rosidl_typesupport_c
[0.074s] [ 44%] Built target deeptouch_interface__rosidl_typesupport_fastrtps_cpp
[0.074s] [ 55%] Built target deeptouch_interface__rosidl_typesupport_fastrtps_c
[0.075s] [ 65%] Built target deeptouch_interface__rosidl_typesupport_introspection_cpp
[0.076s] [ 76%] Built target deeptouch_interface__rosidl_typesupport_cpp
[0.093s] [ 76%] Built target deeptouch_interface
[0.109s] [ 78%] Built target deeptouch_interface__py
[0.116s] [35m[1mConsolidate compiler generated dependencies of target deeptouch_interface__rosidl_generator_py[0m
[0.129s] [ 87%] Built target deeptouch_interface__rosidl_generator_py
[0.138s] [35m[1mConsolidate compiler generated dependencies of target deeptouch_interface__rosidl_typesupport_fastrtps_c__pyext[0m
[0.138s] [35m[1mConsolidate compiler generated dependencies of target deeptouch_interface__rosidl_typesupport_c__pyext[0m
[0.140s] [35m[1mConsolidate compiler generated dependencies of target deeptouch_interface__rosidl_typesupport_introspection_c__pyext[0m
[0.152s] [ 91%] Built target deeptouch_interface__rosidl_typesupport_fastrtps_c__pyext
[0.153s] [ 95%] Built target deeptouch_interface__rosidl_typesupport_c__pyext
[0.156s] [100%] Built target deeptouch_interface__rosidl_typesupport_introspection_c__pyext
[0.226s] running egg_info
[0.226s] writing deeptouch_interface.egg-info/PKG-INFO
[0.226s] writing dependency_links to deeptouch_interface.egg-info/dependency_links.txt
[0.228s] writing top-level names to deeptouch_interface.egg-info/top_level.txt
[0.228s] reading manifest file 'deeptouch_interface.egg-info/SOURCES.txt'
[0.228s] writing manifest file 'deeptouch_interface.egg-info/SOURCES.txt'
[0.251s] [100%] Built target ament_cmake_python_build_deeptouch_interface_egg
[0.263s] Invoked command in '/home/deeptouch/workspace/lixun/build/deeptouch_interface' returned '0': CMAKE_PREFIX_PATH=${CMAKE_PREFIX_PATH}:/home/deeptouch/deeptouch/install/mnet_client:/opt/ros/humble /usr/bin/cmake --build /home/deeptouch/workspace/lixun/build/deeptouch_interface -- -j11 -l11
[0.275s] Invoking command in '/home/deeptouch/workspace/lixun/build/deeptouch_interface': CMAKE_PREFIX_PATH=${CMAKE_PREFIX_PATH}:/home/deeptouch/deeptouch/install/mnet_client:/opt/ros/humble /usr/bin/cmake --install /home/deeptouch/workspace/lixun/build/deeptouch_interface
[0.285s] -- Install configuration: ""
[0.286s] -- Up-to-date: /home/deeptouch/workspace/lixun/install/deeptouch_interface/share/ament_index/resource_index/rosidl_interfaces/deeptouch_interface
[0.286s] -- Up-to-date: /home/deeptouch/workspace/lixun/install/deeptouch_interface/include/deeptouch_interface/deeptouch_interface
[0.286s] -- Up-to-date: /home/deeptouch/workspace/lixun/install/deeptouch_interface/include/deeptouch_interface/deeptouch_interface/msg
[0.286s] -- Up-to-date: /home/deeptouch/workspace/lixun/install/deeptouch_interface/include/deeptouch_interface/deeptouch_interface/msg/tele_opt_device.h
[0.287s] -- Up-to-date: /home/deeptouch/workspace/lixun/install/deeptouch_interface/include/deeptouch_interface/deeptouch_interface/msg/tele_opt_cmd.h
[0.288s] -- Up-to-date: /home/deeptouch/workspace/lixun/install/deeptouch_interface/include/deeptouch_interface/deeptouch_interface/msg/detail
[0.288s] -- Up-to-date: /home/deeptouch/workspace/lixun/install/deeptouch_interface/include/deeptouch_interface/deeptouch_interface/msg/detail/tele_opt_cmd__functions.c
[0.288s] -- Up-to-date: /home/deeptouch/workspace/lixun/install/deeptouch_interface/include/deeptouch_interface/deeptouch_interface/msg/detail/tele_opt_device__type_support.h
[0.288s] -- Up-to-date: /home/deeptouch/workspace/lixun/install/deeptouch_interface/include/deeptouch_interface/deeptouch_interface/msg/detail/tele_opt_device__functions.c
[0.288s] -- Up-to-date: /home/deeptouch/workspace/lixun/install/deeptouch_interface/include/deeptouch_interface/deeptouch_interface/msg/detail/tele_opt_cmd__struct.h
[0.288s] -- Up-to-date: /home/deeptouch/workspace/lixun/install/deeptouch_interface/include/deeptouch_interface/deeptouch_interface/msg/detail/hand_touch__struct.h
[0.288s] -- Up-to-date: /home/deeptouch/workspace/lixun/install/deeptouch_interface/include/deeptouch_interface/deeptouch_interface/msg/detail/tele_opt_cmd__functions.h
[0.288s] -- Up-to-date: /home/deeptouch/workspace/lixun/install/deeptouch_interface/include/deeptouch_interface/deeptouch_interface/msg/detail/tele_opt_device__functions.h
[0.288s] -- Up-to-date: /home/deeptouch/workspace/lixun/install/deeptouch_interface/include/deeptouch_interface/deeptouch_interface/msg/detail/hand_touch__type_support.h
[0.288s] -- Up-to-date: /home/deeptouch/workspace/lixun/install/deeptouch_interface/include/deeptouch_interface/deeptouch_interface/msg/detail/tele_opt_cmd__type_support.h
[0.288s] -- Up-to-date: /home/deeptouch/workspace/lixun/install/deeptouch_interface/include/deeptouch_interface/deeptouch_interface/msg/detail/hand_touch__functions.c
[0.288s] -- Up-to-date: /home/deeptouch/workspace/lixun/install/deeptouch_interface/include/deeptouch_interface/deeptouch_interface/msg/detail/hand_touch__functions.h
[0.288s] -- Up-to-date: /home/deeptouch/workspace/lixun/install/deeptouch_interface/include/deeptouch_interface/deeptouch_interface/msg/detail/tele_opt_device__struct.h
[0.288s] -- Up-to-date: /home/deeptouch/workspace/lixun/install/deeptouch_interface/include/deeptouch_interface/deeptouch_interface/msg/hand_touch.h
[0.288s] -- Up-to-date: /home/deeptouch/workspace/lixun/install/deeptouch_interface/include/deeptouch_interface/deeptouch_interface/msg/rosidl_generator_c__visibility_control.h
[0.288s] -- Up-to-date: /home/deeptouch/workspace/lixun/install/deeptouch_interface/share/deeptouch_interface/environment/library_path.sh
[0.288s] -- Up-to-date: /home/deeptouch/workspace/lixun/install/deeptouch_interface/share/deeptouch_interface/environment/library_path.dsv
[0.288s] -- Up-to-date: /home/deeptouch/workspace/lixun/install/deeptouch_interface/lib/libdeeptouch_interface__rosidl_generator_c.so
[0.289s] -- Up-to-date: /home/deeptouch/workspace/lixun/install/deeptouch_interface/include/deeptouch_interface/deeptouch_interface
[0.289s] -- Up-to-date: /home/deeptouch/workspace/lixun/install/deeptouch_interface/include/deeptouch_interface/deeptouch_interface/msg
[0.289s] -- Up-to-date: /home/deeptouch/workspace/lixun/install/deeptouch_interface/include/deeptouch_interface/deeptouch_interface/msg/rosidl_typesupport_fastrtps_c__visibility_control.h
[0.289s] -- Up-to-date: /home/deeptouch/workspace/lixun/install/deeptouch_interface/include/deeptouch_interface/deeptouch_interface/msg/detail
[0.289s] -- Up-to-date: /home/deeptouch/workspace/lixun/install/deeptouch_interface/include/deeptouch_interface/deeptouch_interface/msg/detail/tele_opt_cmd__rosidl_typesupport_fastrtps_c.h
[0.289s] -- Up-to-date: /home/deeptouch/workspace/lixun/install/deeptouch_interface/include/deeptouch_interface/deeptouch_interface/msg/detail/hand_touch__rosidl_typesupport_fastrtps_c.h
[0.289s] -- Up-to-date: /home/deeptouch/workspace/lixun/install/deeptouch_interface/include/deeptouch_interface/deeptouch_interface/msg/detail/tele_opt_device__rosidl_typesupport_fastrtps_c.h
[0.289s] -- Up-to-date: /home/deeptouch/workspace/lixun/install/deeptouch_interface/lib/libdeeptouch_interface__rosidl_typesupport_fastrtps_c.so
[0.289s] -- Up-to-date: /home/deeptouch/workspace/lixun/install/deeptouch_interface/include/deeptouch_interface/deeptouch_interface
[0.289s] -- Up-to-date: /home/deeptouch/workspace/lixun/install/deeptouch_interface/include/deeptouch_interface/deeptouch_interface/msg
[0.289s] -- Up-to-date: /home/deeptouch/workspace/lixun/install/deeptouch_interface/include/deeptouch_interface/deeptouch_interface/msg/tele_opt_cmd.hpp
[0.289s] -- Up-to-date: /home/deeptouch/workspace/lixun/install/deeptouch_interface/include/deeptouch_interface/deeptouch_interface/msg/detail
[0.289s] -- Up-to-date: /home/deeptouch/workspace/lixun/install/deeptouch_interface/include/deeptouch_interface/deeptouch_interface/msg/detail/tele_opt_cmd__builder.hpp
[0.289s] -- Up-to-date: /home/deeptouch/workspace/lixun/install/deeptouch_interface/include/deeptouch_interface/deeptouch_interface/msg/detail/tele_opt_cmd__type_support.hpp
[0.289s] -- Up-to-date: /home/deeptouch/workspace/lixun/install/deeptouch_interface/include/deeptouch_interface/deeptouch_interface/msg/detail/tele_opt_device__type_support.hpp
[0.290s] -- Up-to-date: /home/deeptouch/workspace/lixun/install/deeptouch_interface/include/deeptouch_interface/deeptouch_interface/msg/detail/hand_touch__builder.hpp
[0.290s] -- Up-to-date: /home/deeptouch/workspace/lixun/install/deeptouch_interface/include/deeptouch_interface/deeptouch_interface/msg/detail/hand_touch__type_support.hpp
[0.290s] -- Up-to-date: /home/deeptouch/workspace/lixun/install/deeptouch_interface/include/deeptouch_interface/deeptouch_interface/msg/detail/tele_opt_device__traits.hpp
[0.290s] -- Up-to-date: /home/deeptouch/workspace/lixun/install/deeptouch_interface/include/deeptouch_interface/deeptouch_interface/msg/detail/tele_opt_cmd__traits.hpp
[0.290s] -- Up-to-date: /home/deeptouch/workspace/lixun/install/deeptouch_interface/include/deeptouch_interface/deeptouch_interface/msg/detail/tele_opt_device__builder.hpp
[0.290s] -- Up-to-date: /home/deeptouch/workspace/lixun/install/deeptouch_interface/include/deeptouch_interface/deeptouch_interface/msg/detail/hand_touch__struct.hpp
[0.290s] -- Up-to-date: /home/deeptouch/workspace/lixun/install/deeptouch_interface/include/deeptouch_interface/deeptouch_interface/msg/detail/tele_opt_device__struct.hpp
[0.290s] -- Up-to-date: /home/deeptouch/workspace/lixun/install/deeptouch_interface/include/deeptouch_interface/deeptouch_interface/msg/detail/tele_opt_cmd__struct.hpp
[0.291s] -- Up-to-date: /home/deeptouch/workspace/lixun/install/deeptouch_interface/include/deeptouch_interface/deeptouch_interface/msg/detail/hand_touch__traits.hpp
[0.291s] -- Up-to-date: /home/deeptouch/workspace/lixun/install/deeptouch_interface/include/deeptouch_interface/deeptouch_interface/msg/rosidl_generator_cpp__visibility_control.hpp
[0.291s] -- Up-to-date: /home/deeptouch/workspace/lixun/install/deeptouch_interface/include/deeptouch_interface/deeptouch_interface/msg/tele_opt_device.hpp
[0.291s] -- Up-to-date: /home/deeptouch/workspace/lixun/install/deeptouch_interface/include/deeptouch_interface/deeptouch_interface/msg/hand_touch.hpp
[0.291s] -- Up-to-date: /home/deeptouch/workspace/lixun/install/deeptouch_interface/include/deeptouch_interface/deeptouch_interface
[0.291s] -- Up-to-date: /home/deeptouch/workspace/lixun/install/deeptouch_interface/include/deeptouch_interface/deeptouch_interface/msg
[0.291s] -- Up-to-date: /home/deeptouch/workspace/lixun/install/deeptouch_interface/include/deeptouch_interface/deeptouch_interface/msg/detail
[0.291s] -- Up-to-date: /home/deeptouch/workspace/lixun/install/deeptouch_interface/include/deeptouch_interface/deeptouch_interface/msg/detail/tele_opt_device__rosidl_typesupport_fastrtps_cpp.hpp
[0.291s] -- Up-to-date: /home/deeptouch/workspace/lixun/install/deeptouch_interface/include/deeptouch_interface/deeptouch_interface/msg/detail/hand_touch__rosidl_typesupport_fastrtps_cpp.hpp
[0.291s] -- Up-to-date: /home/deeptouch/workspace/lixun/install/deeptouch_interface/include/deeptouch_interface/deeptouch_interface/msg/detail/tele_opt_cmd__rosidl_typesupport_fastrtps_cpp.hpp
[0.291s] -- Up-to-date: /home/deeptouch/workspace/lixun/install/deeptouch_interface/include/deeptouch_interface/deeptouch_interface/msg/detail/dds_fastrtps
[0.292s] -- Up-to-date: /home/deeptouch/workspace/lixun/install/deeptouch_interface/include/deeptouch_interface/deeptouch_interface/msg/rosidl_typesupport_fastrtps_cpp__visibility_control.h
[0.292s] -- Up-to-date: /home/deeptouch/workspace/lixun/install/deeptouch_interface/lib/libdeeptouch_interface__rosidl_typesupport_fastrtps_cpp.so
[0.292s] -- Up-to-date: /home/deeptouch/workspace/lixun/install/deeptouch_interface/include/deeptouch_interface/deeptouch_interface
[0.292s] -- Up-to-date: /home/deeptouch/workspace/lixun/install/deeptouch_interface/include/deeptouch_interface/deeptouch_interface/msg
[0.292s] -- Up-to-date: /home/deeptouch/workspace/lixun/install/deeptouch_interface/include/deeptouch_interface/deeptouch_interface/msg/rosidl_typesupport_introspection_c__visibility_control.h
[0.292s] -- Up-to-date: /home/deeptouch/workspace/lixun/install/deeptouch_interface/include/deeptouch_interface/deeptouch_interface/msg/detail
[0.292s] -- Up-to-date: /home/deeptouch/workspace/lixun/install/deeptouch_interface/include/deeptouch_interface/deeptouch_interface/msg/detail/tele_opt_device__type_support.c
[0.292s] -- Up-to-date: /home/deeptouch/workspace/lixun/install/deeptouch_interface/include/deeptouch_interface/deeptouch_interface/msg/detail/hand_touch__rosidl_typesupport_introspection_c.h
[0.292s] -- Up-to-date: /home/deeptouch/workspace/lixun/install/deeptouch_interface/include/deeptouch_interface/deeptouch_interface/msg/detail/tele_opt_cmd__type_support.c
[0.292s] -- Up-to-date: /home/deeptouch/workspace/lixun/install/deeptouch_interface/include/deeptouch_interface/deeptouch_interface/msg/detail/tele_opt_device__rosidl_typesupport_introspection_c.h
[0.292s] -- Up-to-date: /home/deeptouch/workspace/lixun/install/deeptouch_interface/include/deeptouch_interface/deeptouch_interface/msg/detail/hand_touch__type_support.c
[0.293s] -- Up-to-date: /home/deeptouch/workspace/lixun/install/deeptouch_interface/include/deeptouch_interface/deeptouch_interface/msg/detail/tele_opt_cmd__rosidl_typesupport_introspection_c.h
[0.293s] -- Up-to-date: /home/deeptouch/workspace/lixun/install/deeptouch_interface/lib/libdeeptouch_interface__rosidl_typesupport_introspection_c.so
[0.293s] -- Up-to-date: /home/deeptouch/workspace/lixun/install/deeptouch_interface/lib/libdeeptouch_interface__rosidl_typesupport_c.so
[0.293s] -- Up-to-date: /home/deeptouch/workspace/lixun/install/deeptouch_interface/include/deeptouch_interface/deeptouch_interface
[0.293s] -- Up-to-date: /home/deeptouch/workspace/lixun/install/deeptouch_interface/include/deeptouch_interface/deeptouch_interface/msg
[0.293s] -- Up-to-date: /home/deeptouch/workspace/lixun/install/deeptouch_interface/include/deeptouch_interface/deeptouch_interface/msg/detail
[0.293s] -- Up-to-date: /home/deeptouch/workspace/lixun/install/deeptouch_interface/include/deeptouch_interface/deeptouch_interface/msg/detail/hand_touch__type_support.cpp
[0.293s] -- Up-to-date: /home/deeptouch/workspace/lixun/install/deeptouch_interface/include/deeptouch_interface/deeptouch_interface/msg/detail/hand_touch__rosidl_typesupport_introspection_cpp.hpp
[0.293s] -- Up-to-date: /home/deeptouch/workspace/lixun/install/deeptouch_interface/include/deeptouch_interface/deeptouch_interface/msg/detail/tele_opt_device__rosidl_typesupport_introspection_cpp.hpp
[0.294s] -- Up-to-date: /home/deeptouch/workspace/lixun/install/deeptouch_interface/include/deeptouch_interface/deeptouch_interface/msg/detail/tele_opt_cmd__type_support.cpp
[0.294s] -- Up-to-date: /home/deeptouch/workspace/lixun/install/deeptouch_interface/include/deeptouch_interface/deeptouch_interface/msg/detail/tele_opt_device__type_support.cpp
[0.294s] -- Up-to-date: /home/deeptouch/workspace/lixun/install/deeptouch_interface/include/deeptouch_interface/deeptouch_interface/msg/detail/tele_opt_cmd__rosidl_typesupport_introspection_cpp.hpp
[0.294s] -- Up-to-date: /home/deeptouch/workspace/lixun/install/deeptouch_interface/lib/libdeeptouch_interface__rosidl_typesupport_introspection_cpp.so
[0.294s] -- Up-to-date: /home/deeptouch/workspace/lixun/install/deeptouch_interface/lib/libdeeptouch_interface__rosidl_typesupport_cpp.so
[0.294s] -- Up-to-date: /home/deeptouch/workspace/lixun/install/deeptouch_interface/share/deeptouch_interface/environment/pythonpath.sh
[0.294s] -- Up-to-date: /home/deeptouch/workspace/lixun/install/deeptouch_interface/share/deeptouch_interface/environment/pythonpath.dsv
[0.294s] -- Up-to-date: /home/deeptouch/workspace/lixun/install/deeptouch_interface/local/lib/python3.10/dist-packages/deeptouch_interface-0.0.0-py3.10.egg-info
[0.294s] -- Installing: /home/deeptouch/workspace/lixun/install/deeptouch_interface/local/lib/python3.10/dist-packages/deeptouch_interface-0.0.0-py3.10.egg-info/PKG-INFO
[0.294s] -- Installing: /home/deeptouch/workspace/lixun/install/deeptouch_interface/local/lib/python3.10/dist-packages/deeptouch_interface-0.0.0-py3.10.egg-info/top_level.txt
[0.294s] -- Installing: /home/deeptouch/workspace/lixun/install/deeptouch_interface/local/lib/python3.10/dist-packages/deeptouch_interface-0.0.0-py3.10.egg-info/SOURCES.txt
[0.295s] -- Installing: /home/deeptouch/workspace/lixun/install/deeptouch_interface/local/lib/python3.10/dist-packages/deeptouch_interface-0.0.0-py3.10.egg-info/dependency_links.txt
[0.295s] -- Up-to-date: /home/deeptouch/workspace/lixun/install/deeptouch_interface/local/lib/python3.10/dist-packages/deeptouch_interface
[0.295s] -- Up-to-date: /home/deeptouch/workspace/lixun/install/deeptouch_interface/local/lib/python3.10/dist-packages/deeptouch_interface/libdeeptouch_interface__rosidl_generator_py.so
[0.296s] -- Up-to-date: /home/deeptouch/workspace/lixun/install/deeptouch_interface/local/lib/python3.10/dist-packages/deeptouch_interface/deeptouch_interface_s__rosidl_typesupport_c.cpython-310-x86_64-linux-gnu.so
[0.296s] -- Up-to-date: /home/deeptouch/workspace/lixun/install/deeptouch_interface/local/lib/python3.10/dist-packages/deeptouch_interface/deeptouch_interface_s__rosidl_typesupport_fastrtps_c.cpython-310-x86_64-linux-gnu.so
[0.296s] -- Up-to-date: /home/deeptouch/workspace/lixun/install/deeptouch_interface/local/lib/python3.10/dist-packages/deeptouch_interface/deeptouch_interface_s__rosidl_typesupport_introspection_c.cpython-310-x86_64-linux-gnu.so
[0.296s] -- Up-to-date: /home/deeptouch/workspace/lixun/install/deeptouch_interface/local/lib/python3.10/dist-packages/deeptouch_interface/_deeptouch_interface_s.ep.rosidl_typesupport_c.c
[0.296s] -- Up-to-date: /home/deeptouch/workspace/lixun/install/deeptouch_interface/local/lib/python3.10/dist-packages/deeptouch_interface/__init__.py
[0.296s] -- Up-to-date: /home/deeptouch/workspace/lixun/install/deeptouch_interface/local/lib/python3.10/dist-packages/deeptouch_interface/_deeptouch_interface_s.ep.rosidl_typesupport_introspection_c.c
[0.296s] -- Up-to-date: /home/deeptouch/workspace/lixun/install/deeptouch_interface/local/lib/python3.10/dist-packages/deeptouch_interface/msg
[0.296s] -- Up-to-date: /home/deeptouch/workspace/lixun/install/deeptouch_interface/local/lib/python3.10/dist-packages/deeptouch_interface/msg/_hand_touch_s.c
[0.296s] -- Up-to-date: /home/deeptouch/workspace/lixun/install/deeptouch_interface/local/lib/python3.10/dist-packages/deeptouch_interface/msg/_hand_touch.py
[0.296s] -- Up-to-date: /home/deeptouch/workspace/lixun/install/deeptouch_interface/local/lib/python3.10/dist-packages/deeptouch_interface/msg/_tele_opt_cmd_s.c
[0.296s] -- Up-to-date: /home/deeptouch/workspace/lixun/install/deeptouch_interface/local/lib/python3.10/dist-packages/deeptouch_interface/msg/_tele_opt_device_s.c
[0.296s] -- Up-to-date: /home/deeptouch/workspace/lixun/install/deeptouch_interface/local/lib/python3.10/dist-packages/deeptouch_interface/msg/__init__.py
[0.296s] -- Up-to-date: /home/deeptouch/workspace/lixun/install/deeptouch_interface/local/lib/python3.10/dist-packages/deeptouch_interface/msg/_tele_opt_cmd.py
[0.296s] -- Up-to-date: /home/deeptouch/workspace/lixun/install/deeptouch_interface/local/lib/python3.10/dist-packages/deeptouch_interface/msg/_tele_opt_device.py
[0.296s] -- Up-to-date: /home/deeptouch/workspace/lixun/install/deeptouch_interface/local/lib/python3.10/dist-packages/deeptouch_interface/_deeptouch_interface_s.ep.rosidl_typesupport_fastrtps_c.c
[0.337s] Listing '/home/deeptouch/workspace/lixun/install/deeptouch_interface/local/lib/python3.10/dist-packages/deeptouch_interface'...
[0.337s] Listing '/home/deeptouch/workspace/lixun/install/deeptouch_interface/local/lib/python3.10/dist-packages/deeptouch_interface/msg'...
[0.342s] -- Up-to-date: /home/deeptouch/workspace/lixun/install/deeptouch_interface/local/lib/python3.10/dist-packages/deeptouch_interface/deeptouch_interface_s__rosidl_typesupport_fastrtps_c.cpython-310-x86_64-linux-gnu.so
[0.342s] -- Up-to-date: /home/deeptouch/workspace/lixun/install/deeptouch_interface/local/lib/python3.10/dist-packages/deeptouch_interface/deeptouch_interface_s__rosidl_typesupport_introspection_c.cpython-310-x86_64-linux-gnu.so
[0.342s] -- Up-to-date: /home/deeptouch/workspace/lixun/install/deeptouch_interface/local/lib/python3.10/dist-packages/deeptouch_interface/deeptouch_interface_s__rosidl_typesupport_c.cpython-310-x86_64-linux-gnu.so
[0.343s] -- Up-to-date: /home/deeptouch/workspace/lixun/install/deeptouch_interface/lib/libdeeptouch_interface__rosidl_generator_py.so
[0.343s] -- Up-to-date: /home/deeptouch/workspace/lixun/install/deeptouch_interface/share/deeptouch_interface/msg/HandTouch.idl
[0.343s] -- Up-to-date: /home/deeptouch/workspace/lixun/install/deeptouch_interface/share/deeptouch_interface/msg/TeleOptCmd.idl
[0.344s] -- Up-to-date: /home/deeptouch/workspace/lixun/install/deeptouch_interface/share/deeptouch_interface/msg/TeleOptDevice.idl
[0.344s] -- Up-to-date: /home/deeptouch/workspace/lixun/install/deeptouch_interface/share/deeptouch_interface/msg/HandTouch.msg
[0.344s] -- Up-to-date: /home/deeptouch/workspace/lixun/install/deeptouch_interface/share/deeptouch_interface/msg/TeleOptCmd.msg
[0.344s] -- Up-to-date: /home/deeptouch/workspace/lixun/install/deeptouch_interface/share/deeptouch_interface/msg/TeleOptDevice.msg
[0.344s] -- Up-to-date: /home/deeptouch/workspace/lixun/install/deeptouch_interface/share/ament_index/resource_index/package_run_dependencies/deeptouch_interface
[0.344s] -- Up-to-date: /home/deeptouch/workspace/lixun/install/deeptouch_interface/share/ament_index/resource_index/parent_prefix_path/deeptouch_interface
[0.345s] -- Up-to-date: /home/deeptouch/workspace/lixun/install/deeptouch_interface/share/deeptouch_interface/environment/ament_prefix_path.sh
[0.345s] -- Up-to-date: /home/deeptouch/workspace/lixun/install/deeptouch_interface/share/deeptouch_interface/environment/ament_prefix_path.dsv
[0.345s] -- Up-to-date: /home/deeptouch/workspace/lixun/install/deeptouch_interface/share/deeptouch_interface/environment/path.sh
[0.345s] -- Up-to-date: /home/deeptouch/workspace/lixun/install/deeptouch_interface/share/deeptouch_interface/environment/path.dsv
[0.346s] -- Up-to-date: /home/deeptouch/workspace/lixun/install/deeptouch_interface/share/deeptouch_interface/local_setup.bash
[0.346s] -- Up-to-date: /home/deeptouch/workspace/lixun/install/deeptouch_interface/share/deeptouch_interface/local_setup.sh
[0.347s] -- Up-to-date: /home/deeptouch/workspace/lixun/install/deeptouch_interface/share/deeptouch_interface/local_setup.zsh
[0.347s] -- Up-to-date: /home/deeptouch/workspace/lixun/install/deeptouch_interface/share/deeptouch_interface/local_setup.dsv
[0.347s] -- Installing: /home/deeptouch/workspace/lixun/install/deeptouch_interface/share/deeptouch_interface/package.dsv
[0.347s] -- Up-to-date: /home/deeptouch/workspace/lixun/install/deeptouch_interface/share/ament_index/resource_index/packages/deeptouch_interface
[0.347s] -- Up-to-date: /home/deeptouch/workspace/lixun/install/deeptouch_interface/share/deeptouch_interface/cmake/export_deeptouch_interface__rosidl_generator_cExport.cmake
[0.347s] -- Up-to-date: /home/deeptouch/workspace/lixun/install/deeptouch_interface/share/deeptouch_interface/cmake/export_deeptouch_interface__rosidl_generator_cExport-noconfig.cmake
[0.347s] -- Up-to-date: /home/deeptouch/workspace/lixun/install/deeptouch_interface/share/deeptouch_interface/cmake/export_deeptouch_interface__rosidl_typesupport_fastrtps_cExport.cmake
[0.347s] -- Up-to-date: /home/deeptouch/workspace/lixun/install/deeptouch_interface/share/deeptouch_interface/cmake/export_deeptouch_interface__rosidl_typesupport_fastrtps_cExport-noconfig.cmake
[0.348s] -- Up-to-date: /home/deeptouch/workspace/lixun/install/deeptouch_interface/share/deeptouch_interface/cmake/export_deeptouch_interface__rosidl_generator_cppExport.cmake
[0.348s] -- Up-to-date: /home/deeptouch/workspace/lixun/install/deeptouch_interface/share/deeptouch_interface/cmake/export_deeptouch_interface__rosidl_typesupport_fastrtps_cppExport.cmake
[0.348s] -- Up-to-date: /home/deeptouch/workspace/lixun/install/deeptouch_interface/share/deeptouch_interface/cmake/export_deeptouch_interface__rosidl_typesupport_fastrtps_cppExport-noconfig.cmake
[0.348s] -- Up-to-date: /home/deeptouch/workspace/lixun/install/deeptouch_interface/share/deeptouch_interface/cmake/deeptouch_interface__rosidl_typesupport_introspection_cExport.cmake
[0.348s] -- Up-to-date: /home/deeptouch/workspace/lixun/install/deeptouch_interface/share/deeptouch_interface/cmake/deeptouch_interface__rosidl_typesupport_introspection_cExport-noconfig.cmake
[0.348s] -- Up-to-date: /home/deeptouch/workspace/lixun/install/deeptouch_interface/share/deeptouch_interface/cmake/deeptouch_interface__rosidl_typesupport_cExport.cmake
[0.348s] -- Up-to-date: /home/deeptouch/workspace/lixun/install/deeptouch_interface/share/deeptouch_interface/cmake/deeptouch_interface__rosidl_typesupport_cExport-noconfig.cmake
[0.349s] -- Up-to-date: /home/deeptouch/workspace/lixun/install/deeptouch_interface/share/deeptouch_interface/cmake/deeptouch_interface__rosidl_typesupport_introspection_cppExport.cmake
[0.349s] -- Up-to-date: /home/deeptouch/workspace/lixun/install/deeptouch_interface/share/deeptouch_interface/cmake/deeptouch_interface__rosidl_typesupport_introspection_cppExport-noconfig.cmake
[0.349s] -- Up-to-date: /home/deeptouch/workspace/lixun/install/deeptouch_interface/share/deeptouch_interface/cmake/deeptouch_interface__rosidl_typesupport_cppExport.cmake
[0.349s] -- Up-to-date: /home/deeptouch/workspace/lixun/install/deeptouch_interface/share/deeptouch_interface/cmake/deeptouch_interface__rosidl_typesupport_cppExport-noconfig.cmake
[0.349s] -- Up-to-date: /home/deeptouch/workspace/lixun/install/deeptouch_interface/share/deeptouch_interface/cmake/export_deeptouch_interface__rosidl_generator_pyExport.cmake
[0.349s] -- Up-to-date: /home/deeptouch/workspace/lixun/install/deeptouch_interface/share/deeptouch_interface/cmake/export_deeptouch_interface__rosidl_generator_pyExport-noconfig.cmake
[0.349s] -- Up-to-date: /home/deeptouch/workspace/lixun/install/deeptouch_interface/share/deeptouch_interface/cmake/rosidl_cmake-extras.cmake
[0.349s] -- Up-to-date: /home/deeptouch/workspace/lixun/install/deeptouch_interface/share/deeptouch_interface/cmake/ament_cmake_export_dependencies-extras.cmake
[0.349s] -- Up-to-date: /home/deeptouch/workspace/lixun/install/deeptouch_interface/share/deeptouch_interface/cmake/ament_cmake_export_include_directories-extras.cmake
[0.349s] -- Up-to-date: /home/deeptouch/workspace/lixun/install/deeptouch_interface/share/deeptouch_interface/cmake/ament_cmake_export_libraries-extras.cmake
[0.350s] -- Up-to-date: /home/deeptouch/workspace/lixun/install/deeptouch_interface/share/deeptouch_interface/cmake/ament_cmake_export_targets-extras.cmake
[0.350s] -- Up-to-date: /home/deeptouch/workspace/lixun/install/deeptouch_interface/share/deeptouch_interface/cmake/rosidl_cmake_export_typesupport_targets-extras.cmake
[0.350s] -- Up-to-date: /home/deeptouch/workspace/lixun/install/deeptouch_interface/share/deeptouch_interface/cmake/rosidl_cmake_export_typesupport_libraries-extras.cmake
[0.350s] -- Up-to-date: /home/deeptouch/workspace/lixun/install/deeptouch_interface/share/deeptouch_interface/cmake/deeptouch_interfaceConfig.cmake
[0.351s] -- Up-to-date: /home/deeptouch/workspace/lixun/install/deeptouch_interface/share/deeptouch_interface/cmake/deeptouch_interfaceConfig-version.cmake
[0.352s] -- Up-to-date: /home/deeptouch/workspace/lixun/install/deeptouch_interface/share/deeptouch_interface/package.xml
[0.352s] Invoked command in '/home/deeptouch/workspace/lixun/build/deeptouch_interface' returned '0': CMAKE_PREFIX_PATH=${CMAKE_PREFIX_PATH}:/home/deeptouch/deeptouch/install/mnet_client:/opt/ros/humble /usr/bin/cmake --install /home/deeptouch/workspace/lixun/build/deeptouch_interface
