[0.015s] Invoking command in '/home/deeptouch/workspace/lixun/build/deeptouch_arm_controller': AMENT_PREFIX_PATH=/home/deeptouch/workspace/lixun/install/deeptouch_interface:${AMENT_PREFIX_PATH} CMAKE_PREFIX_PATH=/home/deeptouch/workspace/lixun/install/deeptouch_interface:/home/deeptouch/workspace/apex_msgs/install/apex_msgs:/home/deeptouch/deeptouch/install/deeptouch_arm_controller:/home/deeptouch/deeptouch/install/deeptouch_interface:/home/deeptouch/deeptouch/install/mnet_client:/opt/ros/humble LD_LIBRARY_PATH=/home/deeptouch/workspace/lixun/install/deeptouch_interface/lib:${LD_LIBRARY_PATH} PYTHONPATH=/home/deeptouch/workspace/lixun/install/deeptouch_interface/local/lib/python3.10/dist-packages:${PYTHONPATH} /usr/bin/cmake /home/deeptouch/workspace/lixun/lixun/deeptouch/src/deeptouch_arm_controller -DCMAKE_INSTALL_PREFIX=/home/deeptouch/workspace/lixun/install/deeptouch_arm_controller
[0.070s] -- The C compiler identification is GNU 11.4.0
[0.132s] -- The CXX compiler identification is GNU 11.4.0
[0.137s] -- Detecting C compiler ABI info
[0.216s] -- Detecting C compiler ABI info - done
[0.222s] -- Check for working C compiler: /usr/bin/cc - skipped
[0.223s] -- Detecting C compile features
[0.223s] -- Detecting C compile features - done
[0.226s] -- Detecting CXX compiler ABI info
[0.296s] -- Detecting CXX compiler ABI info - done
[0.306s] -- Check for working CXX compiler: /usr/bin/c++ - skipped
[0.306s] -- Detecting CXX compile features
[0.307s] -- Detecting CXX compile features - done
[0.308s] -- Detected architecture: amd64 (CMAKE_SYSTEM_PROCESSOR='x86_64')
[0.310s] -- Found ament_cmake: 1.3.12 (/opt/ros/humble/share/ament_cmake/cmake)
[0.443s] -- Found Python3: /usr/bin/python3 (found version "3.10.12") found components: Interpreter 
[0.535s] -- Found rclcpp: 16.0.15 (/opt/ros/humble/share/rclcpp/cmake)
[0.569s] -- Found rosidl_generator_c: 3.1.7 (/opt/ros/humble/share/rosidl_generator_c/cmake)
[0.573s] -- Found rosidl_adapter: 3.1.7 (/opt/ros/humble/share/rosidl_adapter/cmake)
[0.579s] -- Found rosidl_generator_cpp: 3.1.7 (/opt/ros/humble/share/rosidl_generator_cpp/cmake)
[0.588s] -- Using all available rosidl_typesupport_c: rosidl_typesupport_fastrtps_c;rosidl_typesupport_introspection_c
[0.600s] -- Using all available rosidl_typesupport_cpp: rosidl_typesupport_fastrtps_cpp;rosidl_typesupport_introspection_cpp
[0.635s] -- Found rmw_implementation_cmake: 6.1.2 (/opt/ros/humble/share/rmw_implementation_cmake/cmake)
[0.636s] -- Found rmw_fastrtps_cpp: 6.2.8 (/opt/ros/humble/share/rmw_fastrtps_cpp/cmake)
[0.726s] -- Found OpenSSL: /usr/lib/x86_64-linux-gnu/libcrypto.so (found version "3.0.2")  
[0.753s] -- Found FastRTPS: /opt/ros/humble/include  
[0.793s] -- Using RMW implementation 'rmw_fastrtps_cpp' as default
[0.800s] -- Looking for pthread.h
[0.867s] -- Looking for pthread.h - found
[0.867s] -- Performing Test CMAKE_HAVE_LIBC_PTHREAD
[0.934s] -- Performing Test CMAKE_HAVE_LIBC_PTHREAD - Success
[0.935s] -- Found Threads: TRUE  
[0.972s] -- Found geometry_msgs: 4.9.0 (/opt/ros/humble/share/geometry_msgs/cmake)
[0.982s] -- Found tf2: 0.25.16 (/opt/ros/humble/share/tf2/cmake)
[0.990s] -- Found tf2_geometry_msgs: 0.25.16 (/opt/ros/humble/share/tf2_geometry_msgs/cmake)
[1.000s] -- Found eigen3_cmake_module: 0.1.1 (/opt/ros/humble/share/eigen3_cmake_module/cmake)
[1.001s] -- Found Eigen3: TRUE (found version "3.4.0") 
[1.001s] -- Ensuring Eigen3 include directory is part of orocos-kdl CMake target
[1.068s] -- Found deeptouch_interface: 0.0.0 (/home/deeptouch/workspace/lixun/install/deeptouch_interface/share/deeptouch_interface/cmake)
[1.080s] -- Found ament_lint_auto: 0.12.14 (/opt/ros/humble/share/ament_lint_auto/cmake)
[1.149s] -- Added test 'cppcheck' to perform static code analysis on C / C++ code
[1.150s] -- Configured cppcheck include dirs: $<BUILD_INTERFACE:/home/deeptouch/workspace/lixun/lixun/deeptouch/src/deeptouch_arm_controller/include>;$<BUILD_INTERFACE:/home/deeptouch/workspace/lixun/lixun/deeptouch/src/deeptouch_arm_controller/third_party/include>
[1.150s] -- Configured cppcheck exclude dirs and/or files: 
[1.150s] -- Added test 'flake8' to check Python code syntax and style conventions
[1.150s] -- Added test 'lint_cmake' to check CMake code style
[1.151s] -- Added test 'pep257' to check Python code against some of the docstring style conventions in PEP 257
[1.152s] -- Added test 'uncrustify' to check C / C++ code style
[1.152s] -- Configured uncrustify additional arguments: 
[1.152s] -- Added test 'xmllint' to check XML markup files
[1.153s] -- Configuring done
[1.161s] -- Generating done
[1.164s] -- Build files have been written to: /home/deeptouch/workspace/lixun/build/deeptouch_arm_controller
[1.172s] Invoked command in '/home/deeptouch/workspace/lixun/build/deeptouch_arm_controller' returned '0': AMENT_PREFIX_PATH=/home/deeptouch/workspace/lixun/install/deeptouch_interface:${AMENT_PREFIX_PATH} CMAKE_PREFIX_PATH=/home/deeptouch/workspace/lixun/install/deeptouch_interface:/home/deeptouch/workspace/apex_msgs/install/apex_msgs:/home/deeptouch/deeptouch/install/deeptouch_arm_controller:/home/deeptouch/deeptouch/install/deeptouch_interface:/home/deeptouch/deeptouch/install/mnet_client:/opt/ros/humble LD_LIBRARY_PATH=/home/deeptouch/workspace/lixun/install/deeptouch_interface/lib:${LD_LIBRARY_PATH} PYTHONPATH=/home/deeptouch/workspace/lixun/install/deeptouch_interface/local/lib/python3.10/dist-packages:${PYTHONPATH} /usr/bin/cmake /home/deeptouch/workspace/lixun/lixun/deeptouch/src/deeptouch_arm_controller -DCMAKE_INSTALL_PREFIX=/home/deeptouch/workspace/lixun/install/deeptouch_arm_controller
[1.174s] Invoking command in '/home/deeptouch/workspace/lixun/build/deeptouch_arm_controller': AMENT_PREFIX_PATH=/home/deeptouch/workspace/lixun/install/deeptouch_interface:${AMENT_PREFIX_PATH} CMAKE_PREFIX_PATH=/home/deeptouch/workspace/lixun/install/deeptouch_interface:/home/deeptouch/workspace/apex_msgs/install/apex_msgs:/home/deeptouch/deeptouch/install/deeptouch_arm_controller:/home/deeptouch/deeptouch/install/deeptouch_interface:/home/deeptouch/deeptouch/install/mnet_client:/opt/ros/humble LD_LIBRARY_PATH=/home/deeptouch/workspace/lixun/install/deeptouch_interface/lib:${LD_LIBRARY_PATH} PYTHONPATH=/home/deeptouch/workspace/lixun/install/deeptouch_interface/local/lib/python3.10/dist-packages:${PYTHONPATH} /usr/bin/cmake --build /home/deeptouch/workspace/lixun/build/deeptouch_arm_controller -- -j11 -l11
[1.221s] [ 50%] [32mBuilding CXX object CMakeFiles/arm_controller_node.dir/src/arm_controller_node.cpp.o[0m
[6.673s] [100%] [32m[1mLinking CXX executable arm_controller_node[0m
[6.962s] [100%] Built target arm_controller_node
[6.970s] Invoked command in '/home/deeptouch/workspace/lixun/build/deeptouch_arm_controller' returned '0': AMENT_PREFIX_PATH=/home/deeptouch/workspace/lixun/install/deeptouch_interface:${AMENT_PREFIX_PATH} CMAKE_PREFIX_PATH=/home/deeptouch/workspace/lixun/install/deeptouch_interface:/home/deeptouch/workspace/apex_msgs/install/apex_msgs:/home/deeptouch/deeptouch/install/deeptouch_arm_controller:/home/deeptouch/deeptouch/install/deeptouch_interface:/home/deeptouch/deeptouch/install/mnet_client:/opt/ros/humble LD_LIBRARY_PATH=/home/deeptouch/workspace/lixun/install/deeptouch_interface/lib:${LD_LIBRARY_PATH} PYTHONPATH=/home/deeptouch/workspace/lixun/install/deeptouch_interface/local/lib/python3.10/dist-packages:${PYTHONPATH} /usr/bin/cmake --build /home/deeptouch/workspace/lixun/build/deeptouch_arm_controller -- -j11 -l11
[6.971s] Invoking command in '/home/deeptouch/workspace/lixun/build/deeptouch_arm_controller': AMENT_PREFIX_PATH=/home/deeptouch/workspace/lixun/install/deeptouch_interface:${AMENT_PREFIX_PATH} CMAKE_PREFIX_PATH=/home/deeptouch/workspace/lixun/install/deeptouch_interface:/home/deeptouch/workspace/apex_msgs/install/apex_msgs:/home/deeptouch/deeptouch/install/deeptouch_arm_controller:/home/deeptouch/deeptouch/install/deeptouch_interface:/home/deeptouch/deeptouch/install/mnet_client:/opt/ros/humble LD_LIBRARY_PATH=/home/deeptouch/workspace/lixun/install/deeptouch_interface/lib:${LD_LIBRARY_PATH} PYTHONPATH=/home/deeptouch/workspace/lixun/install/deeptouch_interface/local/lib/python3.10/dist-packages:${PYTHONPATH} /usr/bin/cmake --install /home/deeptouch/workspace/lixun/build/deeptouch_arm_controller
[6.977s] -- Install configuration: ""
[6.977s] -- Installing: /home/deeptouch/workspace/lixun/install/deeptouch_arm_controller/lib/deeptouch_arm_controller/arm_controller_node
[6.980s] -- Set runtime path of "/home/deeptouch/workspace/lixun/install/deeptouch_arm_controller/lib/deeptouch_arm_controller/arm_controller_node" to ""
[6.980s] -- Up-to-date: /home/deeptouch/workspace/lixun/install/deeptouch_arm_controller/lib/libapi_cpp.so
[6.980s] -- Installing: /home/deeptouch/workspace/lixun/install/deeptouch_arm_controller/include
[6.980s] -- Up-to-date: /home/deeptouch/workspace/lixun/install/deeptouch_arm_controller/include
[6.980s] -- Installing: /home/deeptouch/workspace/lixun/install/deeptouch_arm_controller/include/rm_interface_global.h
[6.980s] -- Installing: /home/deeptouch/workspace/lixun/install/deeptouch_arm_controller/include/rm_service.h
[6.980s] -- Installing: /home/deeptouch/workspace/lixun/install/deeptouch_arm_controller/include/rm_version.h
[6.980s] -- Installing: /home/deeptouch/workspace/lixun/install/deeptouch_arm_controller/include/rm_define.h
[6.980s] -- Installing: /home/deeptouch/workspace/lixun/install/deeptouch_arm_controller/include/rm_interface.h
[6.981s] -- Installing: /home/deeptouch/workspace/lixun/install/deeptouch_arm_controller/share/deeptouch_arm_controller/launch
[6.981s] -- Installing: /home/deeptouch/workspace/lixun/install/deeptouch_arm_controller/share/deeptouch_arm_controller/launch/dual_arms_control_node.launch.py
[6.981s] -- Installing: /home/deeptouch/workspace/lixun/install/deeptouch_arm_controller/share/ament_index/resource_index/package_run_dependencies/deeptouch_arm_controller
[6.981s] -- Installing: /home/deeptouch/workspace/lixun/install/deeptouch_arm_controller/share/ament_index/resource_index/parent_prefix_path/deeptouch_arm_controller
[6.981s] -- Installing: /home/deeptouch/workspace/lixun/install/deeptouch_arm_controller/share/deeptouch_arm_controller/environment/ament_prefix_path.sh
[6.981s] -- Installing: /home/deeptouch/workspace/lixun/install/deeptouch_arm_controller/share/deeptouch_arm_controller/environment/ament_prefix_path.dsv
[6.981s] -- Installing: /home/deeptouch/workspace/lixun/install/deeptouch_arm_controller/share/deeptouch_arm_controller/environment/path.sh
[6.981s] -- Installing: /home/deeptouch/workspace/lixun/install/deeptouch_arm_controller/share/deeptouch_arm_controller/environment/path.dsv
[6.981s] -- Installing: /home/deeptouch/workspace/lixun/install/deeptouch_arm_controller/share/deeptouch_arm_controller/local_setup.bash
[6.982s] -- Installing: /home/deeptouch/workspace/lixun/install/deeptouch_arm_controller/share/deeptouch_arm_controller/local_setup.sh
[6.982s] -- Installing: /home/deeptouch/workspace/lixun/install/deeptouch_arm_controller/share/deeptouch_arm_controller/local_setup.zsh
[6.982s] -- Installing: /home/deeptouch/workspace/lixun/install/deeptouch_arm_controller/share/deeptouch_arm_controller/local_setup.dsv
[6.982s] -- Installing: /home/deeptouch/workspace/lixun/install/deeptouch_arm_controller/share/deeptouch_arm_controller/package.dsv
[6.982s] -- Installing: /home/deeptouch/workspace/lixun/install/deeptouch_arm_controller/share/ament_index/resource_index/packages/deeptouch_arm_controller
[6.982s] -- Installing: /home/deeptouch/workspace/lixun/install/deeptouch_arm_controller/share/deeptouch_arm_controller/cmake/deeptouch_arm_controllerConfig.cmake
[6.982s] -- Installing: /home/deeptouch/workspace/lixun/install/deeptouch_arm_controller/share/deeptouch_arm_controller/cmake/deeptouch_arm_controllerConfig-version.cmake
[6.982s] -- Installing: /home/deeptouch/workspace/lixun/install/deeptouch_arm_controller/share/deeptouch_arm_controller/package.xml
[6.983s] Invoked command in '/home/deeptouch/workspace/lixun/build/deeptouch_arm_controller' returned '0': AMENT_PREFIX_PATH=/home/deeptouch/workspace/lixun/install/deeptouch_interface:${AMENT_PREFIX_PATH} CMAKE_PREFIX_PATH=/home/deeptouch/workspace/lixun/install/deeptouch_interface:/home/deeptouch/workspace/apex_msgs/install/apex_msgs:/home/deeptouch/deeptouch/install/deeptouch_arm_controller:/home/deeptouch/deeptouch/install/deeptouch_interface:/home/deeptouch/deeptouch/install/mnet_client:/opt/ros/humble LD_LIBRARY_PATH=/home/deeptouch/workspace/lixun/install/deeptouch_interface/lib:${LD_LIBRARY_PATH} PYTHONPATH=/home/deeptouch/workspace/lixun/install/deeptouch_interface/local/lib/python3.10/dist-packages:${PYTHONPATH} /usr/bin/cmake --install /home/deeptouch/workspace/lixun/build/deeptouch_arm_controller
