[0.008s] Invoking command in '/home/deeptouch/workspace/lixun/build/deeptouch_arm_controller': AMENT_PREFIX_PATH=/home/deeptouch/workspace/lixun/install/deeptouch_interface:${AMENT_PREFIX_PATH} CMAKE_PREFIX_PATH=/home/deeptouch/workspace/lixun/install/deeptouch_interface:/home/deeptouch/workspace/apex_msgs/install/apex_msgs:/home/deeptouch/deeptouch/install/deeptouch_arm_controller:/home/deeptouch/deeptouch/install/deeptouch_interface:/home/deeptouch/deeptouch/install/mnet_client:/opt/ros/humble LD_LIBRARY_PATH=/home/deeptouch/workspace/lixun/install/deeptouch_interface/lib:${LD_LIBRARY_PATH} PYTHONPATH=/home/deeptouch/workspace/lixun/install/deeptouch_interface/local/lib/python3.10/dist-packages:${PYTHONPATH} /usr/bin/cmake /home/deeptouch/workspace/lixun/lixun/deeptouch/src/deeptouch_arm_controller -DCMAKE_INSTALL_PREFIX=/home/deeptouch/workspace/lixun/install/deeptouch_arm_controller
[0.048s] -- The C compiler identification is GNU 11.4.0
[0.089s] -- The CXX compiler identification is GNU 11.4.0
[0.095s] -- Detecting C compiler ABI info
[0.141s] -- Detecting C compiler ABI info - done
[0.147s] -- Check for working C compiler: /usr/bin/cc - skipped
[0.147s] -- Detecting C compile features
[0.147s] -- Detecting C compile features - done
[0.150s] -- Detecting CXX compiler ABI info
[0.207s] -- Detecting CXX compiler ABI info - done
[0.214s] -- Check for working CXX compiler: /usr/bin/c++ - skipped
[0.214s] -- Detecting CXX compile features
[0.214s] -- Detecting CXX compile features - done
[0.215s] -- Detected architecture: amd64 (CMAKE_SYSTEM_PROCESSOR='x86_64')
[0.216s] -- Found ament_cmake: 1.3.12 (/opt/ros/humble/share/ament_cmake/cmake)
[0.329s] -- Found Python3: /usr/bin/python3 (found version "3.10.12") found components: Interpreter 
[0.396s] -- Found rclcpp: 16.0.15 (/opt/ros/humble/share/rclcpp/cmake)
[0.431s] -- Found rosidl_generator_c: 3.1.7 (/opt/ros/humble/share/rosidl_generator_c/cmake)
[0.434s] -- Found rosidl_adapter: 3.1.7 (/opt/ros/humble/share/rosidl_adapter/cmake)
[0.439s] -- Found rosidl_generator_cpp: 3.1.7 (/opt/ros/humble/share/rosidl_generator_cpp/cmake)
[0.447s] -- Using all available rosidl_typesupport_c: rosidl_typesupport_fastrtps_c;rosidl_typesupport_introspection_c
[0.458s] -- Using all available rosidl_typesupport_cpp: rosidl_typesupport_fastrtps_cpp;rosidl_typesupport_introspection_cpp
[0.510s] -- Found rmw_implementation_cmake: 6.1.2 (/opt/ros/humble/share/rmw_implementation_cmake/cmake)
[0.513s] -- Found rmw_fastrtps_cpp: 6.2.8 (/opt/ros/humble/share/rmw_fastrtps_cpp/cmake)
[0.617s] -- Found OpenSSL: /usr/lib/x86_64-linux-gnu/libcrypto.so (found version "3.0.2")  
[0.647s] -- Found FastRTPS: /opt/ros/humble/include  
[0.676s] -- Using RMW implementation 'rmw_fastrtps_cpp' as default
[0.695s] -- Looking for pthread.h
[0.750s] -- Looking for pthread.h - found
[0.750s] -- Performing Test CMAKE_HAVE_LIBC_PTHREAD
[0.805s] -- Performing Test CMAKE_HAVE_LIBC_PTHREAD - Success
[0.806s] -- Found Threads: TRUE  
[0.873s] -- Found geometry_msgs: 4.9.0 (/opt/ros/humble/share/geometry_msgs/cmake)
[0.888s] -- Found tf2: 0.25.16 (/opt/ros/humble/share/tf2/cmake)
[0.900s] -- Found tf2_geometry_msgs: 0.25.16 (/opt/ros/humble/share/tf2_geometry_msgs/cmake)
[0.922s] -- Found eigen3_cmake_module: 0.1.1 (/opt/ros/humble/share/eigen3_cmake_module/cmake)
[0.923s] -- Found Eigen3: TRUE (found version "3.4.0") 
[0.923s] -- Ensuring Eigen3 include directory is part of orocos-kdl CMake target
[1.031s] -- Found deeptouch_interface: 0.0.0 (/home/deeptouch/workspace/lixun/install/deeptouch_interface/share/deeptouch_interface/cmake)
[1.042s] -- Found ament_lint_auto: 0.12.14 (/opt/ros/humble/share/ament_lint_auto/cmake)
[1.099s] -- Added test 'cppcheck' to perform static code analysis on C / C++ code
[1.099s] -- Configured cppcheck include dirs: $<BUILD_INTERFACE:/home/deeptouch/workspace/lixun/lixun/deeptouch/src/deeptouch_arm_controller/include>;$<BUILD_INTERFACE:/home/deeptouch/workspace/lixun/lixun/deeptouch/src/deeptouch_arm_controller/third_party/include>
[1.099s] -- Configured cppcheck exclude dirs and/or files: 
[1.099s] -- Added test 'flake8' to check Python code syntax and style conventions
[1.100s] -- Added test 'lint_cmake' to check CMake code style
[1.100s] -- Added test 'pep257' to check Python code against some of the docstring style conventions in PEP 257
[1.101s] -- Added test 'uncrustify' to check C / C++ code style
[1.101s] -- Configured uncrustify additional arguments: 
[1.101s] -- Added test 'xmllint' to check XML markup files
[1.102s] -- Configuring done
[1.111s] -- Generating done
[1.114s] -- Build files have been written to: /home/deeptouch/workspace/lixun/build/deeptouch_arm_controller
[1.120s] Invoked command in '/home/deeptouch/workspace/lixun/build/deeptouch_arm_controller' returned '0': AMENT_PREFIX_PATH=/home/deeptouch/workspace/lixun/install/deeptouch_interface:${AMENT_PREFIX_PATH} CMAKE_PREFIX_PATH=/home/deeptouch/workspace/lixun/install/deeptouch_interface:/home/deeptouch/workspace/apex_msgs/install/apex_msgs:/home/deeptouch/deeptouch/install/deeptouch_arm_controller:/home/deeptouch/deeptouch/install/deeptouch_interface:/home/deeptouch/deeptouch/install/mnet_client:/opt/ros/humble LD_LIBRARY_PATH=/home/deeptouch/workspace/lixun/install/deeptouch_interface/lib:${LD_LIBRARY_PATH} PYTHONPATH=/home/deeptouch/workspace/lixun/install/deeptouch_interface/local/lib/python3.10/dist-packages:${PYTHONPATH} /usr/bin/cmake /home/deeptouch/workspace/lixun/lixun/deeptouch/src/deeptouch_arm_controller -DCMAKE_INSTALL_PREFIX=/home/deeptouch/workspace/lixun/install/deeptouch_arm_controller
[1.121s] Invoking command in '/home/deeptouch/workspace/lixun/build/deeptouch_arm_controller': AMENT_PREFIX_PATH=/home/deeptouch/workspace/lixun/install/deeptouch_interface:${AMENT_PREFIX_PATH} CMAKE_PREFIX_PATH=/home/deeptouch/workspace/lixun/install/deeptouch_interface:/home/deeptouch/workspace/apex_msgs/install/apex_msgs:/home/deeptouch/deeptouch/install/deeptouch_arm_controller:/home/deeptouch/deeptouch/install/deeptouch_interface:/home/deeptouch/deeptouch/install/mnet_client:/opt/ros/humble LD_LIBRARY_PATH=/home/deeptouch/workspace/lixun/install/deeptouch_interface/lib:${LD_LIBRARY_PATH} PYTHONPATH=/home/deeptouch/workspace/lixun/install/deeptouch_interface/local/lib/python3.10/dist-packages:${PYTHONPATH} /usr/bin/cmake --build /home/deeptouch/workspace/lixun/build/deeptouch_arm_controller -- -j11 -l11
[1.155s] [ 50%] [32mBuilding CXX object CMakeFiles/arm_controller_node.dir/src/arm_controller_node.cpp.o[0m
[6.451s] [100%] [32m[1mLinking CXX executable arm_controller_node[0m
[6.793s] [100%] Built target arm_controller_node
[6.800s] Invoked command in '/home/deeptouch/workspace/lixun/build/deeptouch_arm_controller' returned '0': AMENT_PREFIX_PATH=/home/deeptouch/workspace/lixun/install/deeptouch_interface:${AMENT_PREFIX_PATH} CMAKE_PREFIX_PATH=/home/deeptouch/workspace/lixun/install/deeptouch_interface:/home/deeptouch/workspace/apex_msgs/install/apex_msgs:/home/deeptouch/deeptouch/install/deeptouch_arm_controller:/home/deeptouch/deeptouch/install/deeptouch_interface:/home/deeptouch/deeptouch/install/mnet_client:/opt/ros/humble LD_LIBRARY_PATH=/home/deeptouch/workspace/lixun/install/deeptouch_interface/lib:${LD_LIBRARY_PATH} PYTHONPATH=/home/deeptouch/workspace/lixun/install/deeptouch_interface/local/lib/python3.10/dist-packages:${PYTHONPATH} /usr/bin/cmake --build /home/deeptouch/workspace/lixun/build/deeptouch_arm_controller -- -j11 -l11
[6.802s] Invoking command in '/home/deeptouch/workspace/lixun/build/deeptouch_arm_controller': AMENT_PREFIX_PATH=/home/deeptouch/workspace/lixun/install/deeptouch_interface:${AMENT_PREFIX_PATH} CMAKE_PREFIX_PATH=/home/deeptouch/workspace/lixun/install/deeptouch_interface:/home/deeptouch/workspace/apex_msgs/install/apex_msgs:/home/deeptouch/deeptouch/install/deeptouch_arm_controller:/home/deeptouch/deeptouch/install/deeptouch_interface:/home/deeptouch/deeptouch/install/mnet_client:/opt/ros/humble LD_LIBRARY_PATH=/home/deeptouch/workspace/lixun/install/deeptouch_interface/lib:${LD_LIBRARY_PATH} PYTHONPATH=/home/deeptouch/workspace/lixun/install/deeptouch_interface/local/lib/python3.10/dist-packages:${PYTHONPATH} /usr/bin/cmake --install /home/deeptouch/workspace/lixun/build/deeptouch_arm_controller
[6.808s] -- Install configuration: ""
[6.808s] -- Installing: /home/deeptouch/workspace/lixun/install/deeptouch_arm_controller/lib/deeptouch_arm_controller/arm_controller_node
[6.810s] -- Set runtime path of "/home/deeptouch/workspace/lixun/install/deeptouch_arm_controller/lib/deeptouch_arm_controller/arm_controller_node" to ""
[6.811s] -- Installing: /home/deeptouch/workspace/lixun/install/deeptouch_arm_controller/lib/libapi_cpp.so
[6.812s] [31mCMake Error at cmake_install.cmake:70 (file):
[6.812s]   file INSTALL cannot find
[6.812s]   "/home/deeptouch/workspace/lixun/lixun/deeptouch/src/deeptouch_arm_controller/include":
[6.812s]   No such file or directory.
[6.812s] 
[6.812s] [0m
[6.813s] Invoked command in '/home/deeptouch/workspace/lixun/build/deeptouch_arm_controller' returned '1': AMENT_PREFIX_PATH=/home/deeptouch/workspace/lixun/install/deeptouch_interface:${AMENT_PREFIX_PATH} CMAKE_PREFIX_PATH=/home/deeptouch/workspace/lixun/install/deeptouch_interface:/home/deeptouch/workspace/apex_msgs/install/apex_msgs:/home/deeptouch/deeptouch/install/deeptouch_arm_controller:/home/deeptouch/deeptouch/install/deeptouch_interface:/home/deeptouch/deeptouch/install/mnet_client:/opt/ros/humble LD_LIBRARY_PATH=/home/deeptouch/workspace/lixun/install/deeptouch_interface/lib:${LD_LIBRARY_PATH} PYTHONPATH=/home/deeptouch/workspace/lixun/install/deeptouch_interface/local/lib/python3.10/dist-packages:${PYTHONPATH} /usr/bin/cmake --install /home/deeptouch/workspace/lixun/build/deeptouch_arm_controller
